mode: set
github.com/debalin/portify/internal/server/converter.go:19.77,23.2 1 1
github.com/debalin/portify/internal/server/converter.go:29.65,33.50 3 1
github.com/debalin/portify/internal/server/converter.go:33.50,39.3 1 1
github.com/debalin/portify/internal/server/converter.go:41.2,42.53 2 1
github.com/debalin/portify/internal/server/converter.go:42.53,48.3 1 1
github.com/debalin/portify/internal/server/converter.go:50.2,55.17 2 1
github.com/debalin/portify/internal/server/converter.go:62.62,66.64 2 1
github.com/debalin/portify/internal/server/converter.go:66.64,70.3 1 1
github.com/debalin/portify/internal/server/converter.go:73.2,73.67 1 1
github.com/debalin/portify/internal/server/converter.go:73.67,77.3 1 1
github.com/debalin/portify/internal/server/converter.go:79.2,79.109 1 1
github.com/debalin/portify/internal/server/converter.go:86.68,89.64 2 1
github.com/debalin/portify/internal/server/converter.go:89.64,91.17 2 1
github.com/debalin/portify/internal/server/converter.go:91.17,96.4 1 1
github.com/debalin/portify/internal/server/converter.go:97.3,100.10 1 1
github.com/debalin/portify/internal/server/converter.go:103.2,103.67 1 1
github.com/debalin/portify/internal/server/converter.go:103.67,105.17 2 1
github.com/debalin/portify/internal/server/converter.go:105.17,110.4 1 1
github.com/debalin/portify/internal/server/converter.go:111.3,114.10 1 1
github.com/debalin/portify/internal/server/converter.go:117.2,117.109 1 1
github.com/debalin/portify/internal/server/converter.go:124.69,128.9 3 1
github.com/debalin/portify/internal/server/converter.go:128.9,130.17 2 1
github.com/debalin/portify/internal/server/converter.go:130.17,132.4 1 1
github.com/debalin/portify/internal/server/converter.go:133.3,137.10 3 1
github.com/debalin/portify/internal/server/converter.go:140.2,141.9 2 1
github.com/debalin/portify/internal/server/converter.go:141.9,143.17 2 1
github.com/debalin/portify/internal/server/converter.go:143.17,145.4 1 1
github.com/debalin/portify/internal/server/converter.go:146.3,150.10 3 1
github.com/debalin/portify/internal/server/converter.go:153.2,153.109 1 1
github.com/debalin/portify/internal/server/converter.go:167.9,171.9 3 1
github.com/debalin/portify/internal/server/converter.go:171.9,173.3 1 1
github.com/debalin/portify/internal/server/converter.go:175.2,176.9 2 1
github.com/debalin/portify/internal/server/converter.go:176.9,178.3 1 1
github.com/debalin/portify/internal/server/converter.go:181.2,187.16 3 1
github.com/debalin/portify/internal/server/converter.go:187.16,193.3 2 1
github.com/debalin/portify/internal/server/converter.go:195.2,199.22 3 1
github.com/debalin/portify/internal/server/converter.go:199.22,201.17 2 1
github.com/debalin/portify/internal/server/converter.go:201.17,207.4 2 1
github.com/debalin/portify/internal/server/converter.go:210.2,221.49 5 1
github.com/debalin/portify/internal/server/converter.go:221.49,224.34 2 1
github.com/debalin/portify/internal/server/converter.go:224.34,234.12 4 1
github.com/debalin/portify/internal/server/converter.go:238.3,239.17 2 1
github.com/debalin/portify/internal/server/converter.go:239.17,242.4 2 1
github.com/debalin/portify/internal/server/converter.go:242.9,244.4 1 1
github.com/debalin/portify/internal/server/converter.go:246.3,252.5 1 1
github.com/debalin/portify/internal/server/converter.go:256.2,266.12 2 1
